<?xml version="1.0" encoding="UTF-8"?>
<!-- Generated by org.testng.reporters.JUnitXMLReporter -->
<testsuite ignored="0" hostname="LTIN188363" failures="0" tests="15" name="ChromeTest" time="190.759" errors="0" timestamp="2024-03-06T10:09:30 IST">
  <testcase classname="Main_TestNG.CarTestNG" name="@BeforeClass setup" time="37.96">
    <failure type="org.openqa.selenium.TimeoutException" message="Expected condition failed: waiting for presence of element located by: By.xpath: /html/body/div/div/main/article/div[1]/h1 (tried for 30 second(s) with 500 milliseconds interval)">
      <![CDATA[org.openqa.selenium.TimeoutException: Expected condition failed: waiting for presence of element located by: By.xpath: /html/body/div/div/main/article/div[1]/h1 (tried for 30 second(s) with 500 milliseconds interval)
at org.openqa.selenium.support.ui.WebDriverWait.timeoutException(WebDriverWait.java:84)
at org.openqa.selenium.support.ui.FluentWait.until(FluentWait.java:228)
at Utilities.DriverSetup.SelectDriver(DriverSetup.java:30)
at Main_TestNG.CarTestNG.setup(CarTestNG.java:45)
at java.base/java.util.ArrayList.forEach(ArrayList.java:1511)
Caused by: org.openqa.selenium.NoSuchElementException: no such element: Unable to locate element: {"method":"xpath","selector":"/html/body/div/div/main/article/div[1]/h1"}
  (Session info: chrome=113.0.5672.93)
For documentation on this error, please visit: https://www.selenium.dev/documentation/webdriver/troubleshooting/errors#no-such-element-exception
Build info: version: '4.17.0', revision: 'e52b1be057*'
System info: os.name: 'Windows 11', os.arch: 'amd64', os.version: '10.0', java.version: '17.0.2'
Driver info: org.openqa.selenium.chrome.ChromeDriver
Command: [59c7ee961c0c51177d9200edf39f8d9c, findElement {value=/html/body/div/div/main/article/div[1]/h1, using=xpath}]
Capabilities {acceptInsecureCerts: false, browserName: chrome, browserVersion: 113.0.5672.93, chrome: {chromedriverVersion: 113.0.5672.63 (0e1a4471d5ae..., userDataDir: C:\Program Files (x86)\scop...}, goog:chromeOptions: {debuggerAddress: localhost:51759}, networkConnectionEnabled: false, pageLoadStrategy: normal, platformName: windows, proxy: Proxy(), se:cdp: ws://localhost:51759/devtoo..., se:cdpVersion: 113.0.5672.93, setWindowRect: true, strictFileInteractability: false, timeouts: {implicit: 0, pageLoad: 300000, script: 30000}, unhandledPromptBehavior: dismiss and notify, webauthn:extension:credBlob: true, webauthn:extension:largeBlob: true, webauthn:extension:minPinLength: true, webauthn:extension:prf: true, webauthn:virtualAuthenticators: true}
Session ID: 59c7ee961c0c51177d9200edf39f8d9c
at org.openqa.selenium.remote.codec.w3c.W3CHttpResponseCodec.createException(W3CHttpResponseCodec.java:185)
at org.openqa.selenium.remote.codec.w3c.W3CHttpResponseCodec.decode(W3CHttpResponseCodec.java:134)
at org.openqa.selenium.remote.codec.w3c.W3CHttpResponseCodec.decode(W3CHttpResponseCodec.java:51)
at org.openqa.selenium.remote.HttpCommandExecutor.execute(HttpCommandExecutor.java:190)
at org.openqa.selenium.remote.service.DriverCommandExecutor.invokeExecute(DriverCommandExecutor.java:216)
at org.openqa.selenium.remote.service.DriverCommandExecutor.execute(DriverCommandExecutor.java:174)
at org.openqa.selenium.remote.RemoteWebDriver.execute(RemoteWebDriver.java:519)
at org.openqa.selenium.remote.ElementLocation$ElementFinder$2.findElement(ElementLocation.java:165)
at org.openqa.selenium.remote.ElementLocation.findElement(ElementLocation.java:59)
at org.openqa.selenium.remote.RemoteWebDriver.findElement(RemoteWebDriver.java:356)
at org.openqa.selenium.remote.RemoteWebDriver.findElement(RemoteWebDriver.java:350)
at org.openqa.selenium.support.ui.ExpectedConditions$6.apply(ExpectedConditions.java:171)
at org.openqa.selenium.support.ui.ExpectedConditions$6.apply(ExpectedConditions.java:168)
at org.openqa.selenium.support.ui.FluentWait.until(FluentWait.java:203)
... 31 more
... Removed 32 stack frames]]>
    </failure>
  </testcase> <!-- @BeforeClass setup -->
  <testcase classname="Main_TestNG.CarTestNG" name="@AfterClass close_b" time="0.0">
    <failure type="java.lang.NullPointerException" message="Cannot invoke &amp;quot;org.openqa.selenium.WebDriver.close()&amp;quot; because &amp;quot;Main_TestNG.CarTestNG.driver&amp;quot; is null">
      <![CDATA[java.lang.NullPointerException: Cannot invoke "org.openqa.selenium.WebDriver.close()" because "Main_TestNG.CarTestNG.driver" is null
at Main_TestNG.CarTestNG.close_b(CarTestNG.java:164)
at java.base/java.util.ArrayList.forEach(ArrayList.java:1511)
... Removed 29 stack frames]]>
    </failure>
  </testcase> <!-- @AfterClass close_b -->
  <testcase classname="Main_TestNG.CarTestNG" name="testLogo" time="0.0">
    <skipped/>
  </testcase> <!-- testLogo -->
  <testcase classname="Main_TestNG.CarTestNG" name="car_Loan" time="0.001">
    <skipped/>
  </testcase> <!-- car_Loan -->
  <testcase classname="Main_TestNG.CarTestNG" name="Car_Loan" time="0.001">
    <skipped/>
  </testcase> <!-- Car_Loan -->
  <testcase classname="Main_TestNG.CarTestNG" name="EMI_Calculation" time="0.001">
    <skipped/>
  </testcase> <!-- EMI_Calculation -->
  <testcase classname="Main_TestNG.CarTestNG" name="home_Loan" time="0.0">
    <skipped/>
  </testcase> <!-- home_Loan -->
  <testcase classname="Main_TestNG.CarTestNG" name="Home_page" time="0.0">
    <skipped/>
  </testcase> <!-- Home_page -->
  <testcase classname="Main_TestNG.CarTestNG" name="Loan_cal1" time="0.0">
    <skipped/>
  </testcase> <!-- Loan_cal1 -->
  <testcase classname="Main_TestNG.CarTestNG" name="Emi_Calc" time="0.0">
    <skipped/>
  </testcase> <!-- Emi_Calc -->
  <testcase classname="Main_TestNG.CarTestNG" name="Loan_cal2" time="0.0">
    <skipped/>
  </testcase> <!-- Loan_cal2 -->
  <testcase classname="Main_TestNG.CarTestNG" name="Calc2" time="0.0">
    <skipped/>
  </testcase> <!-- Calc2 -->
  <testcase classname="Main_TestNG.CarTestNG" name="Loan_cal3" time="0.0">
    <skipped/>
  </testcase> <!-- Loan_cal3 -->
  <testcase classname="Main_TestNG.CarTestNG" name="Calc3" time="0.0">
    <skipped/>
  </testcase> <!-- Calc3 -->
  <testcase classname="io.cucumber.testng.AbstractTestNGCucumberTests" name="runScenario" time="4.78"/>
  <testcase classname="io.cucumber.testng.AbstractTestNGCucumberTests" name="runScenario" time="23.187"/>
  <testcase classname="io.cucumber.testng.AbstractTestNGCucumberTests" name="runScenario" time="93.426"/>
</testsuite> <!-- ChromeTest -->
